<?xml version="1.0" encoding="UTF-8"?>
<!-- Generated by org.testng.reporters.JUnitReportReporter -->
<testsuite hostname="LAPTOP-C0V1T9GC" failures="0" tests="7" name="com.test.CycleInventoryTest" time="0.018" errors="0" timestamp="22 Sep 2025 12:55:30 GMT" skipped="0">
  <testcase classname="com.test.CycleInventoryTest" name="testValidPurchase" time="0.007"/>
  <testcase classname="com.test.CycleInventoryTest" name="testPersonNameAndDate" time="0.000"/>
  <testcase classname="com.test.CycleInventoryTest" name="testZeroOrNegativePurchase" time="0.001"/>
  <testcase classname="com.test.CycleInventoryTest" name="testAddStockBelowMin" time="0.001"/>
  <testcase classname="com.test.CycleInventoryTest" name="testAddStockAboveMin" time="0.005"/>
  <testcase classname="com.test.CycleInventoryTest" name="testPurchaseExceedsStock" time="0.001"/>
  <testcase classname="com.test.CycleInventoryTest" name="testStockLimits" time="0.003"/>
</testsuite> <!-- com.test.CycleInventoryTest -->
